day10/马涵玉/day07map/BaiduMap_AndroidPanoramaSDK_v2.8.6_Sample/build/intermediates/manifest_merge_blame_file/debug/manifest-merger-blame-debug-report.txt
1<?xml version="1.0" encoding="utf-8"?>
2<manifest xmlns:android="http://schemas.android.com/apk/res/android"
3    package="com.baidu.lbsapi.panodemo"
4    android:versionCode="1"
5    android:versionName="1.0" >
6
7    <uses-sdk
7-->day07map\BaiduMap_AndroidPanoramaSDK_v2.8.6_Sample\AndroidManifest.xml:8:5-10:41
8        android:minSdkVersion="15"
8-->day07map\BaiduMap_AndroidPanoramaSDK_v2.8.6_Sample\AndroidManifest.xml:9:9-35
9        android:targetSdkVersion="19" />
9-->day07map\BaiduMap_AndroidPanoramaSDK_v2.8.6_Sample\AndroidManifest.xml:10:9-38
10
11    <supports-screens
11-->day07map\BaiduMap_AndroidPanoramaSDK_v2.8.6_Sample\AndroidManifest.xml:12:5-17:39
12        android:anyDensity="true"
12-->day07map\BaiduMap_AndroidPanoramaSDK_v2.8.6_Sample\AndroidManifest.xml:13:9-34
13        android:largeScreens="true"
13-->day07map\BaiduMap_AndroidPanoramaSDK_v2.8.6_Sample\AndroidManifest.xml:14:9-36
14        android:normalScreens="false"
14-->day07map\BaiduMap_AndroidPanoramaSDK_v2.8.6_Sample\AndroidManifest.xml:15:9-38
15        android:resizeable="true"
15-->day07map\BaiduMap_AndroidPanoramaSDK_v2.8.6_Sample\AndroidManifest.xml:16:9-34
16        android:smallScreens="true" />
16-->day07map\BaiduMap_AndroidPanoramaSDK_v2.8.6_Sample\AndroidManifest.xml:17:9-36
17
18    <uses-permission android:name="android.permission.INTERNET" />
18-->day07map\BaiduMap_AndroidPanoramaSDK_v2.8.6_Sample\AndroidManifest.xml:19:5-67
18-->day07map\BaiduMap_AndroidPanoramaSDK_v2.8.6_Sample\AndroidManifest.xml:19:22-64
19    <uses-permission android:name="android.permission.ACCESS_NETWORK_STATE" />
19-->day07map\BaiduMap_AndroidPanoramaSDK_v2.8.6_Sample\AndroidManifest.xml:20:5-79
19-->day07map\BaiduMap_AndroidPanoramaSDK_v2.8.6_Sample\AndroidManifest.xml:20:22-76
20    <uses-permission android:name="android.permission.ACCESS_WIFI_STATE" />
20-->day07map\BaiduMap_AndroidPanoramaSDK_v2.8.6_Sample\AndroidManifest.xml:21:5-76
20-->day07map\BaiduMap_AndroidPanoramaSDK_v2.8.6_Sample\AndroidManifest.xml:21:22-73
21
22    <application
22-->day07map\BaiduMap_AndroidPanoramaSDK_v2.8.6_Sample\AndroidManifest.xml:23:5-49:19
23        android:name="com.baidu.lbsapi.panodemo.PanoDemoApplication"
23-->day07map\BaiduMap_AndroidPanoramaSDK_v2.8.6_Sample\AndroidManifest.xml:24:9-69
24        android:allowBackup="true"
24-->day07map\BaiduMap_AndroidPanoramaSDK_v2.8.6_Sample\AndroidManifest.xml:25:9-35
25        android:debuggable="true"
26        android:icon="@drawable/ic_launcher"
26-->day07map\BaiduMap_AndroidPanoramaSDK_v2.8.6_Sample\AndroidManifest.xml:26:9-45
27        android:label="@string/app_name"
27-->day07map\BaiduMap_AndroidPanoramaSDK_v2.8.6_Sample\AndroidManifest.xml:27:9-41
28        android:theme="@android:style/Theme.Holo" >
28-->day07map\BaiduMap_AndroidPanoramaSDK_v2.8.6_Sample\AndroidManifest.xml:28:9-50
29        <meta-data
29-->day07map\BaiduMap_AndroidPanoramaSDK_v2.8.6_Sample\AndroidManifest.xml:29:9-31:64
30            android:name="com.baidu.lbsapi.API_KEY"
30-->day07map\BaiduMap_AndroidPanoramaSDK_v2.8.6_Sample\AndroidManifest.xml:30:13-52
31            android:value="jedewUH4C6SCrLaCjf5x4R7Zrub06BGX" />
31-->day07map\BaiduMap_AndroidPanoramaSDK_v2.8.6_Sample\AndroidManifest.xml:31:13-61
32
33        <activity
33-->day07map\BaiduMap_AndroidPanoramaSDK_v2.8.6_Sample\AndroidManifest.xml:33:9-43:20
34            android:name="com.baidu.lbsapi.panodemo.PanoDemoActivity"
34-->day07map\BaiduMap_AndroidPanoramaSDK_v2.8.6_Sample\AndroidManifest.xml:34:13-70
35            android:configChanges="orientation"
35-->day07map\BaiduMap_AndroidPanoramaSDK_v2.8.6_Sample\AndroidManifest.xml:35:13-48
36            android:label="@string/app_name"
36-->day07map\BaiduMap_AndroidPanoramaSDK_v2.8.6_Sample\AndroidManifest.xml:36:13-45
37            android:screenOrientation="portrait" >
37-->day07map\BaiduMap_AndroidPanoramaSDK_v2.8.6_Sample\AndroidManifest.xml:37:13-49
38            <intent-filter>
38-->day07map\BaiduMap_AndroidPanoramaSDK_v2.8.6_Sample\AndroidManifest.xml:38:13-42:29
39                <action android:name="android.intent.action.MAIN" />
39-->day07map\BaiduMap_AndroidPanoramaSDK_v2.8.6_Sample\AndroidManifest.xml:39:17-69
39-->day07map\BaiduMap_AndroidPanoramaSDK_v2.8.6_Sample\AndroidManifest.xml:39:25-66
40
41                <category android:name="android.intent.category.LAUNCHER" />
41-->day07map\BaiduMap_AndroidPanoramaSDK_v2.8.6_Sample\AndroidManifest.xml:41:17-77
41-->day07map\BaiduMap_AndroidPanoramaSDK_v2.8.6_Sample\AndroidManifest.xml:41:27-74
42            </intent-filter>
43        </activity>
44        <activity
44-->day07map\BaiduMap_AndroidPanoramaSDK_v2.8.6_Sample\AndroidManifest.xml:44:9-47:20
45            android:name="com.baidu.lbsapi.panodemo.PanoDemoMain"
45-->day07map\BaiduMap_AndroidPanoramaSDK_v2.8.6_Sample\AndroidManifest.xml:45:13-66
46            android:screenOrientation="sensor" >
46-->day07map\BaiduMap_AndroidPanoramaSDK_v2.8.6_Sample\AndroidManifest.xml:46:13-47
47        </activity>
48        <activity android:name="com.baidu.lbsapi.panodemo.PanoDemoCoordinate" />
48-->day07map\BaiduMap_AndroidPanoramaSDK_v2.8.6_Sample\AndroidManifest.xml:48:9-81
48-->day07map\BaiduMap_AndroidPanoramaSDK_v2.8.6_Sample\AndroidManifest.xml:48:19-78
49    </application>
50
51</manifest>